\BOOKMARK [0][-]{chapter.1}{Introduction}{}% 1
\BOOKMARK [0][-]{chapter.2}{The Game Window}{}% 2
\BOOKMARK [1][-]{section.2.1}{Townmode}{chapter.2}% 3
\BOOKMARK [1][-]{section.2.2}{Conversation}{chapter.2}% 4
\BOOKMARK [0][-]{chapter.3}{Character Screen}{}% 5
\BOOKMARK [0][-]{chapter.4}{Dungeon}{}% 6
\BOOKMARK [1][-]{section.4.1}{Dungeon View}{chapter.4}% 7
\BOOKMARK [1][-]{section.4.2}{Dungeon Commands}{chapter.4}% 8
\BOOKMARK [1][-]{section.4.3}{Mapping}{chapter.4}% 9
\BOOKMARK [0][-]{chapter.5}{Combat}{}% 10
\BOOKMARK [1][-]{section.5.1}{Armslength vs. Grappling}{chapter.5}% 11
\BOOKMARK [1][-]{section.5.2}{Combat Options}{chapter.5}% 12
\BOOKMARK [1][-]{section.5.3}{Victory and Character Improvements}{chapter.5}% 13
\BOOKMARK [2][-]{subsection.5.3.1}{Stat Improvements}{section.5.3}% 14
\BOOKMARK [2][-]{subsection.5.3.2}{Learning Spells}{section.5.3}% 15
\BOOKMARK [3][-]{subsubsection.5.3.2.1}{Tiers}{subsection.5.3.2}% 16
\BOOKMARK [1][-]{section.5.4}{Defeat and Second Chances}{chapter.5}% 17
\BOOKMARK [0][-]{chapter.6}{Spells}{}% 18
\BOOKMARK [1][-]{section.6.1}{Spell Schools}{chapter.6}% 19
\BOOKMARK [1][-]{section.6.2}{Spell Information}{chapter.6}% 20
\BOOKMARK [0][-]{chapter.7}{Acknowledgements}{}% 21
